/home/zl22853/code/GeoBS/baselines/main.py:149: DeprecationWarning: __array_wrap__ must accept context and return_scalar arguments (positionally) in the future. (Deprecated NumPy 2.0)
  lats, lons = np.radians(loc_tr[:,1]), np.radians(loc_tr[:,0])
GPU Name: NVIDIA RTX A6000
Loading nabirds_with_loc_2019.json - train
   using meta data: ebird_meta
	 22819 total entries
	 22819 entries with images
	 22599 entries with meta data
Loading nabirds_with_loc_2019.json - test
   using meta data: ebird_meta
	 24633 total entries
	 24633 entries with images
	 24411 entries with meta data
Check the radian of input data! tensor([-117,   33])
Training for 2 epochs.
[epoch 1, batch    30] loss: 6.299
[epoch 1, batch    60] loss: 6.165
[epoch 1, batch    90] loss: 5.535
[epoch 1, batch   120] loss: 4.202
[epoch 1, batch   150] loss: 2.988
[epoch 1, batch   180] loss: 1.960
[epoch 1, batch   210] loss: 1.565
[epoch 1, batch   240] loss: 1.363
[epoch 1, batch   270] loss: 1.225
[epoch 1, batch   300] loss: 1.058
[epoch 1, batch   330] loss: 0.962
[epoch 1, batch   360] loss: 0.884
[epoch 1, batch   390] loss: 0.838
[epoch 1, batch   420] loss: 0.795
[epoch 1, batch   450] loss: 0.616
[epoch 1, batch   480] loss: 0.668
[epoch 1, batch   510] loss: 0.670
[epoch 1, batch   540] loss: 0.690
[epoch 1, batch   570] loss: 0.622
[epoch 1, batch   600] loss: 0.662
[epoch 1, batch   630] loss: 0.655
[epoch 1, batch   660] loss: 0.651
[epoch 1, batch   690] loss: 0.620
epoch 1 mean loss: 1.7850
[epoch 2, batch    30] loss: 0.482
[epoch 2, batch    60] loss: 0.409
[epoch 2, batch    90] loss: 0.470
[epoch 2, batch   120] loss: 0.419
[epoch 2, batch   150] loss: 0.495
[epoch 2, batch   180] loss: 0.490
[epoch 2, batch   210] loss: 0.447
[epoch 2, batch   240] loss: 0.447
[epoch 2, batch   270] loss: 0.407
[epoch 2, batch   300] loss: 0.505
[epoch 2, batch   330] loss: 0.478
[epoch 2, batch   360] loss: 0.423
[epoch 2, batch   390] loss: 0.387
[epoch 2, batch   420] loss: 0.429
[epoch 2, batch   450] loss: 0.475
[epoch 2, batch   480] loss: 0.368
[epoch 2, batch   510] loss: 0.431
[epoch 2, batch   540] loss: 0.431
[epoch 2, batch   570] loss: 0.414
[epoch 2, batch   600] loss: 0.416
[epoch 2, batch   630] loss: 0.380
[epoch 2, batch   660] loss: 0.384
[epoch 2, batch   690] loss: 0.371
epoch 2 mean loss: 0.4303
Training Completed.
Debiasing for 1 epochs.
/home/zl22853/code/GeoBS/baselines/main.py:221: DeprecationWarning: __array_wrap__ must accept context and return_scalar arguments (positionally) in the future. (Deprecated NumPy 2.0)
  lats, lons = np.radians(loc_te[:, 1]), np.radians(loc_te[:, 0])
[epoch 1, batch    30] loss: 0.291
[epoch 1, batch    60] loss: 0.394
[epoch 1, batch    90] loss: 0.346
[epoch 1, batch   120] loss: 0.355
[epoch 1, batch   150] loss: 0.316
[epoch 1, batch   180] loss: 0.350
[epoch 1, batch   210] loss: 0.262
[epoch 1, batch   240] loss: 0.271
[epoch 1, batch   270] loss: 0.322
[epoch 1, batch   300] loss: 0.294
[epoch 1, batch   330] loss: 0.275
[epoch 1, batch   360] loss: 0.366
[epoch 1, batch   390] loss: 0.240
[epoch 1, batch   420] loss: 0.364
[epoch 1, batch   450] loss: 0.292
[epoch 1, batch   480] loss: 0.269
[epoch 1, batch   510] loss: 0.236
[epoch 1, batch   540] loss: 0.277
[epoch 1, batch   570] loss: 0.358
[epoch 1, batch   600] loss: 0.255
[epoch 1, batch   630] loss: 0.349
[epoch 1, batch   660] loss: 0.282
[epoch 1, batch   690] loss: 0.329
epoch 1 mean loss: 0.3086
Debiasing Completed.
Model saved as TorchSpatial/pre_trained_models/siren(sh)/model_nabirds_ebird_meta_Siren(SH)_trained2_debiased1.pth.tar; in total, trained for 2 epochs, debiased for 1 epochs, in the order of [('train', 2), ('debias', 1)]
Top-1 Accuracy on 24411 test images: 73.11%
Top-3 Accuracy on 24411 test images: 87.01%
MRR on 24411 test images: 0.8095
SSI score on 24411 test images: 0.1434
